<?xml version="1.0" encoding="UTF-8"?>
<testsuite xmlns:xsi="http://www.w3.org/2001/XMLSchema-instance" xsi:noNamespaceSchemaLocation="https://maven.apache.org/surefire/maven-surefire-plugin/xsd/surefire-test-report.xsd" version="3.0.2" name="fr.celestialdreams.api.UserControllerTest" time="3.874" tests="21" errors="0" skipped="0" failures="1">
  <properties>
[...]
</properties>
  <testcase name="testGetUserNotFound" classname="fr.celestialdreams.api.UserControllerTest" time="0.203">
    <system-out><![CDATA[16:16:16.230 [main] INFO org.springframework.test.context.support.AnnotationConfigContextLoaderUtils -- Could not detect default configuration classes for test class [fr.celestialdreams.api.UserControllerTest]: UserControllerTest does not declare any static, non-private, non-final, nested classes annotated with @Configuration.
16:16:16.414 [main] INFO org.springframework.boot.test.context.SpringBootTestContextBootstrapper -- Found @SpringBootConfiguration fr.celestialdreams.api.ApiCdApplication for test class fr.celestialdreams.api.UserControllerTest

  .   ____          _            __ _ _
 /\\ / ___'_ __ _ _(_)_ __  __ _ \ \ \ \
( ( )\___ | '_ | '_| | '_ \/ _` | \ \ \ \
 \\/  ___)| |_)| | | | | || (_| |  ) ) ) )
  '  |____| .__|_| |_|_| |_\__, | / / / /
 =========|_|==============|___/=/_/_/_/

 :: Spring Boot ::                (v3.5.6)

]]></system-out>
    <system-err><![CDATA[Mockito is currently self-attaching to enable the inline-mock-maker. This will no longer work in future releases of the JDK. Please add Mockito as an agent to your build as described in Mockito's documentation: https://javadoc.io/doc/org.mockito/mockito-core/latest/org.mockito/org/mockito/Mockito.html#0.3
WARNING: A Java agent has been loaded dynamically (/home/arnaud/.m2/repository/net/bytebuddy/byte-buddy-agent/1.17.7/byte-buddy-agent-1.17.7.jar)
WARNING: If a serviceability tool is in use, please run with -XX:+EnableDynamicAgentLoading to hide this warning
WARNING: If a serviceability tool is not in use, please run with -Djdk.instrument.traceUsage for more information
WARNING: Dynamic loading of agents will be disallowed by default in a future release
]]></system-err>
  </testcase>
  <testcase name="testCreateUserErrKeyNameEmpty" classname="fr.celestialdreams.api.UserControllerTest" time="0.21"/>
  <testcase name="testCreateUserNameMalformed" classname="fr.celestialdreams.api.UserControllerTest" time="0.058"/>
  <testcase name="testGetUsers" classname="fr.celestialdreams.api.UserControllerTest" time="0.029"/>
  <testcase name="testCreateUserSizeNameConstraintH" classname="fr.celestialdreams.api.UserControllerTest" time="0.012"/>
  <testcase name="testCreateUserSizeNameConstraintL" classname="fr.celestialdreams.api.UserControllerTest" time="0.011"/>
  <testcase name="testCreateUserContryCode" classname="fr.celestialdreams.api.UserControllerTest" time="0.011"/>
  <testcase name="testCreateUserErrKeyDateEmptyOrMalformed" classname="fr.celestialdreams.api.UserControllerTest" time="0.009"/>
  <testcase name="testUpdateUser" classname="fr.celestialdreams.api.UserControllerTest" time="0.023">
    <failure message="JSON path &quot;$.name&quot; expected:&lt;Stephanie&gt; but was:&lt;Stephane&gt;" type="java.lang.AssertionError"><![CDATA[java.lang.AssertionError: JSON path "$.name" expected:<Stephanie> but was:<Stephane>
	at org.springframework.test.util.AssertionErrors.fail(AssertionErrors.java:61)
	at org.springframework.test.util.AssertionErrors.assertEquals(AssertionErrors.java:128)
	at org.springframework.test.util.JsonPathExpectationsHelper.assertValue(JsonPathExpectationsHelper.java:172)
	at org.springframework.test.web.servlet.result.JsonPathResultMatchers.lambda$value$2(JsonPathResultMatchers.java:112)
	at org.springframework.test.web.servlet.MockMvc$1.andExpect(MockMvc.java:214)
	at fr.celestialdreams.api.UserControllerTest.testUpdateUser(UserControllerTest.java:409)
	at java.base/java.lang.reflect.Method.invoke(Method.java:580)
	at java.base/java.util.ArrayList.forEach(ArrayList.java:1596)
	at java.base/java.util.ArrayList.forEach(ArrayList.java:1596)
]]></failure>
    <system-out><![CDATA[
MockHttpServletRequest:
      HTTP Method = PUT
      Request URI = /user/1
       Parameters = {}
          Headers = [Content-Type:"application/json;charset=UTF-8", Accept:"application/json", Content-Length:"83"]
             Body = {"id":1,"name":"Stephane","birthDate":"1976-01-01","countryCode":"FR","gender":"F"}
    Session Attrs = {}

Handler:
             Type = fr.celestialdreams.api.controller.UserController
           Method = fr.celestialdreams.api.controller.UserController#updateUser(Long, User)

Async:
    Async started = false
     Async result = null

Resolved Exception:
             Type = null

ModelAndView:
        View name = null
             View = null
            Model = null

FlashMap:
       Attributes = null

MockHttpServletResponse:
           Status = 200
    Error message = null
          Headers = [Content-Type:"application/json"]
     Content type = application/json
             Body = {"id":1,"name":"Stephane","birthDate":"1976-01-01","countryCode":"FR","gender":"F"}
    Forwarded URL = null
   Redirected URL = null
          Cookies = []
]]></system-out>
  </testcase>
  <testcase name="testGetUserMandatory" classname="fr.celestialdreams.api.UserControllerTest" time="0.011"/>
  <testcase name="testCreateUserOptional" classname="fr.celestialdreams.api.UserControllerTest" time="0.009"/>
  <testcase name="testCreateUserErrKeyDateNull" classname="fr.celestialdreams.api.UserControllerTest" time="0.01"/>
  <testcase name="testGetUsersEmpty" classname="fr.celestialdreams.api.UserControllerTest" time="0.016"/>
  <testcase name="testCreateUserErrKeyNameNull" classname="fr.celestialdreams.api.UserControllerTest" time="0.01"/>
  <testcase name="testGetUserOptional" classname="fr.celestialdreams.api.UserControllerTest" time="0.011"/>
  <testcase name="testCreateUserErrKeyDateFutur" classname="fr.celestialdreams.api.UserControllerTest" time="0.01"/>
  <testcase name="testDeleteUser" classname="fr.celestialdreams.api.UserControllerTest" time="0.018"/>
  <testcase name="testGetUserVoid" classname="fr.celestialdreams.api.UserControllerTest" time="0.009"/>
  <testcase name="testCreateUserMandatory" classname="fr.celestialdreams.api.UserControllerTest" time="0.01"/>
  <testcase name="testCreateUserGender" classname="fr.celestialdreams.api.UserControllerTest" time="0.009"/>
  <testcase name="testDeleteUserNotFound" classname="fr.celestialdreams.api.UserControllerTest" time="0.012"/>
</testsuite>